
state 0
	$accept: .Program $end 

	CLASS  shift 3
	.  error

	Program  goto 1
	MainClass  goto 2

state 1
	$accept:  Program.$end 

	$end  accept
	.  error


state 2
	Program:  MainClass.    (1)
	Program:  MainClass.ClassDeclaration 

	CLASS  shift 5
	.  reduce 1 (src line 67)

	ClassDeclaration  goto 4

state 3
	MainClass:  CLASS.IDENTIFIER LEFTANGLEBRACKET PUBLIC STATIC VOID MAIN LEFTPARENTHESIS STRING LEFTBRACKET RIGHTBRACKET IDENTIFIER RIGHTPARENTHESIS LEFTANGLEBRACKET Statement RIGHTANGLEBRACKET RIGHTANGLEBRACKET 

	IDENTIFIER  shift 6
	.  error


state 4
	Program:  MainClass ClassDeclaration.    (2)
	ClassDeclaration:  ClassDeclaration.ClassDeclaration 

	CLASS  shift 5
	.  reduce 2 (src line 68)

	ClassDeclaration  goto 7

state 5
	ClassDeclaration:  CLASS.IDENTIFIER Extension LEFTANGLEBRACKET VarDeclaration MethodDeclaration RIGHTANGLEBRACKET 

	IDENTIFIER  shift 8
	.  error


state 6
	MainClass:  CLASS IDENTIFIER.LEFTANGLEBRACKET PUBLIC STATIC VOID MAIN LEFTPARENTHESIS STRING LEFTBRACKET RIGHTBRACKET IDENTIFIER RIGHTPARENTHESIS LEFTANGLEBRACKET Statement RIGHTANGLEBRACKET RIGHTANGLEBRACKET 

	LEFTANGLEBRACKET  shift 9
	.  error


7: shift/reduce conflict (shift 5(0), red'n 5(0)) on CLASS
state 7
	ClassDeclaration:  ClassDeclaration.ClassDeclaration 
	ClassDeclaration:  ClassDeclaration ClassDeclaration.    (5)

	CLASS  shift 5
	.  reduce 5 (src line 110)

	ClassDeclaration  goto 7

state 8
	ClassDeclaration:  CLASS IDENTIFIER.Extension LEFTANGLEBRACKET VarDeclaration MethodDeclaration RIGHTANGLEBRACKET 
	Extension: .    (7)

	EXTENDS  shift 11
	.  reduce 7 (src line 124)

	Extension  goto 10

state 9
	MainClass:  CLASS IDENTIFIER LEFTANGLEBRACKET.PUBLIC STATIC VOID MAIN LEFTPARENTHESIS STRING LEFTBRACKET RIGHTBRACKET IDENTIFIER RIGHTPARENTHESIS LEFTANGLEBRACKET Statement RIGHTANGLEBRACKET RIGHTANGLEBRACKET 

	PUBLIC  shift 12
	.  error


state 10
	ClassDeclaration:  CLASS IDENTIFIER Extension.LEFTANGLEBRACKET VarDeclaration MethodDeclaration RIGHTANGLEBRACKET 

	LEFTANGLEBRACKET  shift 13
	.  error


state 11
	Extension:  EXTENDS.IDENTIFIER 

	IDENTIFIER  shift 14
	.  error


state 12
	MainClass:  CLASS IDENTIFIER LEFTANGLEBRACKET PUBLIC.STATIC VOID MAIN LEFTPARENTHESIS STRING LEFTBRACKET RIGHTBRACKET IDENTIFIER RIGHTPARENTHESIS LEFTANGLEBRACKET Statement RIGHTANGLEBRACKET RIGHTANGLEBRACKET 

	STATIC  shift 15
	.  error


13: shift/reduce conflict (shift 20(0), red'n 10(0)) on IDENTIFIER
13: shift/reduce conflict (shift 18(0), red'n 10(0)) on INT
13: shift/reduce conflict (shift 19(0), red'n 10(0)) on BOOLEAN
state 13
	ClassDeclaration:  CLASS IDENTIFIER Extension LEFTANGLEBRACKET.VarDeclaration MethodDeclaration RIGHTANGLEBRACKET 
	VarDeclaration: .    (10)

	IDENTIFIER  shift 20
	INT  shift 18
	BOOLEAN  shift 19
	.  reduce 10 (src line 140)

	VarDeclaration  goto 16
	Type  goto 17

state 14
	Extension:  EXTENDS IDENTIFIER.    (6)

	.  reduce 6 (src line 117)


state 15
	MainClass:  CLASS IDENTIFIER LEFTANGLEBRACKET PUBLIC STATIC.VOID MAIN LEFTPARENTHESIS STRING LEFTBRACKET RIGHTBRACKET IDENTIFIER RIGHTPARENTHESIS LEFTANGLEBRACKET Statement RIGHTANGLEBRACKET RIGHTANGLEBRACKET 

	VOID  shift 21
	.  error


16: shift/reduce conflict (shift 20(0), red'n 10(0)) on IDENTIFIER
16: shift/reduce conflict (shift 24(0), red'n 10(0)) on PUBLIC
16: shift/reduce conflict (shift 18(0), red'n 10(0)) on INT
16: shift/reduce conflict (shift 19(0), red'n 10(0)) on BOOLEAN
state 16
	ClassDeclaration:  CLASS IDENTIFIER Extension LEFTANGLEBRACKET VarDeclaration.MethodDeclaration RIGHTANGLEBRACKET 
	VarDeclaration:  VarDeclaration.VarDeclaration 
	VarDeclaration: .    (10)

	IDENTIFIER  shift 20
	PUBLIC  shift 24
	INT  shift 18
	BOOLEAN  shift 19
	.  error

	VarDeclaration  goto 23
	MethodDeclaration  goto 22
	Type  goto 17

state 17
	VarDeclaration:  Type.IDENTIFIER SEMICOLON 

	IDENTIFIER  shift 25
	.  error


state 18
	Type:  INT.LEFTBRACKET RIGHTBRACKET 
	Type:  INT.    (21)

	LEFTBRACKET  shift 26
	.  reduce 21 (src line 208)


state 19
	Type:  BOOLEAN.    (20)

	.  reduce 20 (src line 207)


state 20
	Type:  IDENTIFIER.    (22)

	.  reduce 22 (src line 209)


state 21
	MainClass:  CLASS IDENTIFIER LEFTANGLEBRACKET PUBLIC STATIC VOID.MAIN LEFTPARENTHESIS STRING LEFTBRACKET RIGHTBRACKET IDENTIFIER RIGHTPARENTHESIS LEFTANGLEBRACKET Statement RIGHTANGLEBRACKET RIGHTANGLEBRACKET 

	MAIN  shift 27
	.  error


state 22
	ClassDeclaration:  CLASS IDENTIFIER Extension LEFTANGLEBRACKET VarDeclaration MethodDeclaration.RIGHTANGLEBRACKET 
	MethodDeclaration:  MethodDeclaration.MethodDeclaration 

	PUBLIC  shift 24
	RIGHTANGLEBRACKET  shift 28
	.  error

	MethodDeclaration  goto 29

23: shift/reduce conflict (shift 20(0), red'n 8(0)) on IDENTIFIER
23: shift/reduce conflict (shift 18(0), red'n 8(0)) on INT
23: shift/reduce conflict (shift 19(0), red'n 8(0)) on BOOLEAN
23: shift/reduce conflict (shift 20(0), red'n 10(0)) on IDENTIFIER
 23: reduce/reduce conflict  (red'ns 8 and 10) on PUBLIC
 23: reduce/reduce conflict  (red'ns 8 and 10) on SYSTEMOUTPRINTLN
 23: reduce/reduce conflict  (red'ns 8 and 10) on RETURN
23: shift/reduce conflict (shift 18(0), red'n 10(0)) on INT
 23: reduce/reduce conflict  (red'ns 8 and 10) on IF
 23: reduce/reduce conflict  (red'ns 8 and 10) on WHILE
23: shift/reduce conflict (shift 19(0), red'n 10(0)) on BOOLEAN
 23: reduce/reduce conflict  (red'ns 8 and 10) on LEFTANGLEBRACKET
state 23
	VarDeclaration:  VarDeclaration.VarDeclaration 
	VarDeclaration:  VarDeclaration VarDeclaration.    (8)
	VarDeclaration: .    (10)

	IDENTIFIER  shift 20
	INT  shift 18
	BOOLEAN  shift 19
	.  reduce 8 (src line 126)

	VarDeclaration  goto 23
	Type  goto 17

state 24
	MethodDeclaration:  PUBLIC.Type IDENTIFIER LEFTPARENTHESIS MethodTypeDeclaration RIGHTPARENTHESIS LEFTANGLEBRACKET VarDeclaration Statement RETURN Expression SEMICOLON RIGHTANGLEBRACKET 

	IDENTIFIER  shift 20
	INT  shift 18
	BOOLEAN  shift 19
	.  error

	Type  goto 30

state 25
	VarDeclaration:  Type IDENTIFIER.SEMICOLON 

	SEMICOLON  shift 31
	.  error


state 26
	Type:  INT LEFTBRACKET.RIGHTBRACKET 

	RIGHTBRACKET  shift 32
	.  error


state 27
	MainClass:  CLASS IDENTIFIER LEFTANGLEBRACKET PUBLIC STATIC VOID MAIN.LEFTPARENTHESIS STRING LEFTBRACKET RIGHTBRACKET IDENTIFIER RIGHTPARENTHESIS LEFTANGLEBRACKET Statement RIGHTANGLEBRACKET RIGHTANGLEBRACKET 

	LEFTPARENTHESIS  shift 33
	.  error


state 28
	ClassDeclaration:  CLASS IDENTIFIER Extension LEFTANGLEBRACKET VarDeclaration MethodDeclaration RIGHTANGLEBRACKET.    (4)

	.  reduce 4 (src line 98)


29: shift/reduce conflict (shift 24(0), red'n 27(0)) on PUBLIC
state 29
	MethodDeclaration:  MethodDeclaration.MethodDeclaration 
	MethodDeclaration:  MethodDeclaration MethodDeclaration.    (27)

	PUBLIC  shift 24
	.  reduce 27 (src line 244)

	MethodDeclaration  goto 29

state 30
	MethodDeclaration:  PUBLIC Type.IDENTIFIER LEFTPARENTHESIS MethodTypeDeclaration RIGHTPARENTHESIS LEFTANGLEBRACKET VarDeclaration Statement RETURN Expression SEMICOLON RIGHTANGLEBRACKET 

	IDENTIFIER  shift 34
	.  error


state 31
	VarDeclaration:  Type IDENTIFIER SEMICOLON.    (9)

	.  reduce 9 (src line 133)


state 32
	Type:  INT LEFTBRACKET RIGHTBRACKET.    (19)

	.  reduce 19 (src line 206)


state 33
	MainClass:  CLASS IDENTIFIER LEFTANGLEBRACKET PUBLIC STATIC VOID MAIN LEFTPARENTHESIS.STRING LEFTBRACKET RIGHTBRACKET IDENTIFIER RIGHTPARENTHESIS LEFTANGLEBRACKET Statement RIGHTANGLEBRACKET RIGHTANGLEBRACKET 

	STRING  shift 35
	.  error


state 34
	MethodDeclaration:  PUBLIC Type IDENTIFIER.LEFTPARENTHESIS MethodTypeDeclaration RIGHTPARENTHESIS LEFTANGLEBRACKET VarDeclaration Statement RETURN Expression SEMICOLON RIGHTANGLEBRACKET 

	LEFTPARENTHESIS  shift 36
	.  error


state 35
	MainClass:  CLASS IDENTIFIER LEFTANGLEBRACKET PUBLIC STATIC VOID MAIN LEFTPARENTHESIS STRING.LEFTBRACKET RIGHTBRACKET IDENTIFIER RIGHTPARENTHESIS LEFTANGLEBRACKET Statement RIGHTANGLEBRACKET RIGHTANGLEBRACKET 

	LEFTBRACKET  shift 37
	.  error


state 36
	MethodDeclaration:  PUBLIC Type IDENTIFIER LEFTPARENTHESIS.MethodTypeDeclaration RIGHTPARENTHESIS LEFTANGLEBRACKET VarDeclaration Statement RETURN Expression SEMICOLON RIGHTANGLEBRACKET 
	MethodTypeDeclaration: .    (23)

	IDENTIFIER  shift 20
	INT  shift 18
	BOOLEAN  shift 19
	.  reduce 23 (src line 210)

	Type  goto 39
	MethodTypeDeclaration  goto 38

state 37
	MainClass:  CLASS IDENTIFIER LEFTANGLEBRACKET PUBLIC STATIC VOID MAIN LEFTPARENTHESIS STRING LEFTBRACKET.RIGHTBRACKET IDENTIFIER RIGHTPARENTHESIS LEFTANGLEBRACKET Statement RIGHTANGLEBRACKET RIGHTANGLEBRACKET 

	RIGHTBRACKET  shift 40
	.  error


state 38
	MethodDeclaration:  PUBLIC Type IDENTIFIER LEFTPARENTHESIS MethodTypeDeclaration.RIGHTPARENTHESIS LEFTANGLEBRACKET VarDeclaration Statement RETURN Expression SEMICOLON RIGHTANGLEBRACKET 

	RIGHTPARENTHESIS  shift 41
	.  error


state 39
	MethodTypeDeclaration:  Type.IDENTIFIER 
	MethodTypeDeclaration:  Type.IDENTIFIER COMMA MethodTypeDeclaration 

	IDENTIFIER  shift 42
	.  error


state 40
	MainClass:  CLASS IDENTIFIER LEFTANGLEBRACKET PUBLIC STATIC VOID MAIN LEFTPARENTHESIS STRING LEFTBRACKET RIGHTBRACKET.IDENTIFIER RIGHTPARENTHESIS LEFTANGLEBRACKET Statement RIGHTANGLEBRACKET RIGHTANGLEBRACKET 

	IDENTIFIER  shift 43
	.  error


state 41
	MethodDeclaration:  PUBLIC Type IDENTIFIER LEFTPARENTHESIS MethodTypeDeclaration RIGHTPARENTHESIS.LEFTANGLEBRACKET VarDeclaration Statement RETURN Expression SEMICOLON RIGHTANGLEBRACKET 

	LEFTANGLEBRACKET  shift 44
	.  error


state 42
	MethodTypeDeclaration:  Type IDENTIFIER.    (24)
	MethodTypeDeclaration:  Type IDENTIFIER.COMMA MethodTypeDeclaration 

	COMMA  shift 45
	.  reduce 24 (src line 211)


state 43
	MainClass:  CLASS IDENTIFIER LEFTANGLEBRACKET PUBLIC STATIC VOID MAIN LEFTPARENTHESIS STRING LEFTBRACKET RIGHTBRACKET IDENTIFIER.RIGHTPARENTHESIS LEFTANGLEBRACKET Statement RIGHTANGLEBRACKET RIGHTANGLEBRACKET 

	RIGHTPARENTHESIS  shift 46
	.  error


44: shift/reduce conflict (shift 20(0), red'n 10(0)) on IDENTIFIER
44: shift/reduce conflict (shift 18(0), red'n 10(0)) on INT
44: shift/reduce conflict (shift 19(0), red'n 10(0)) on BOOLEAN
state 44
	MethodDeclaration:  PUBLIC Type IDENTIFIER LEFTPARENTHESIS MethodTypeDeclaration RIGHTPARENTHESIS LEFTANGLEBRACKET.VarDeclaration Statement RETURN Expression SEMICOLON RIGHTANGLEBRACKET 
	VarDeclaration: .    (10)

	IDENTIFIER  shift 20
	INT  shift 18
	BOOLEAN  shift 19
	.  reduce 10 (src line 140)

	VarDeclaration  goto 47
	Type  goto 17

state 45
	MethodTypeDeclaration:  Type IDENTIFIER COMMA.MethodTypeDeclaration 
	MethodTypeDeclaration: .    (23)

	IDENTIFIER  shift 20
	INT  shift 18
	BOOLEAN  shift 19
	.  reduce 23 (src line 210)

	Type  goto 39
	MethodTypeDeclaration  goto 48

state 46
	MainClass:  CLASS IDENTIFIER LEFTANGLEBRACKET PUBLIC STATIC VOID MAIN LEFTPARENTHESIS STRING LEFTBRACKET RIGHTBRACKET IDENTIFIER RIGHTPARENTHESIS.LEFTANGLEBRACKET Statement RIGHTANGLEBRACKET RIGHTANGLEBRACKET 

	LEFTANGLEBRACKET  shift 49
	.  error


47: shift/reduce conflict (shift 55(0), red'n 10(0)) on IDENTIFIER
47: shift/reduce conflict (shift 54(0), red'n 10(0)) on SYSTEMOUTPRINTLN
47: shift/reduce conflict (shift 18(0), red'n 10(0)) on INT
47: shift/reduce conflict (shift 52(0), red'n 10(0)) on IF
47: shift/reduce conflict (shift 53(0), red'n 10(0)) on WHILE
47: shift/reduce conflict (shift 19(0), red'n 10(0)) on BOOLEAN
47: shift/reduce conflict (shift 51(0), red'n 10(0)) on LEFTANGLEBRACKET
47: shift/reduce conflict (shift 55(0), red'n 18(0)) on IDENTIFIER
47: shift/reduce conflict (shift 54(0), red'n 18(0)) on SYSTEMOUTPRINTLN
 47: reduce/reduce conflict  (red'ns 10 and 18) on RETURN
47: shift/reduce conflict (shift 52(0), red'n 18(0)) on IF
47: shift/reduce conflict (shift 53(0), red'n 18(0)) on WHILE
47: shift/reduce conflict (shift 51(0), red'n 18(0)) on LEFTANGLEBRACKET
state 47
	VarDeclaration:  VarDeclaration.VarDeclaration 
	MethodDeclaration:  PUBLIC Type IDENTIFIER LEFTPARENTHESIS MethodTypeDeclaration RIGHTPARENTHESIS LEFTANGLEBRACKET VarDeclaration.Statement RETURN Expression SEMICOLON RIGHTANGLEBRACKET 
	VarDeclaration: .    (10)
	Statement: .    (18)

	IDENTIFIER  shift 55
	SYSTEMOUTPRINTLN  shift 54
	INT  shift 18
	IF  shift 52
	WHILE  shift 53
	BOOLEAN  shift 19
	LEFTANGLEBRACKET  shift 51
	.  reduce 10 (src line 140)

	Statement  goto 50
	VarDeclaration  goto 23
	Type  goto 17

state 48
	MethodTypeDeclaration:  Type IDENTIFIER COMMA MethodTypeDeclaration.    (25)

	.  reduce 25 (src line 217)


49: shift/reduce conflict (shift 57(0), red'n 18(0)) on IDENTIFIER
49: shift/reduce conflict (shift 54(0), red'n 18(0)) on SYSTEMOUTPRINTLN
49: shift/reduce conflict (shift 52(0), red'n 18(0)) on IF
49: shift/reduce conflict (shift 53(0), red'n 18(0)) on WHILE
49: shift/reduce conflict (shift 51(0), red'n 18(0)) on LEFTANGLEBRACKET
state 49
	MainClass:  CLASS IDENTIFIER LEFTANGLEBRACKET PUBLIC STATIC VOID MAIN LEFTPARENTHESIS STRING LEFTBRACKET RIGHTBRACKET IDENTIFIER RIGHTPARENTHESIS LEFTANGLEBRACKET.Statement RIGHTANGLEBRACKET RIGHTANGLEBRACKET 
	Statement: .    (18)

	IDENTIFIER  shift 57
	SYSTEMOUTPRINTLN  shift 54
	IF  shift 52
	WHILE  shift 53
	LEFTANGLEBRACKET  shift 51
	.  reduce 18 (src line 205)

	Statement  goto 56

50: shift/reduce conflict (shift 57(0), red'n 18(0)) on IDENTIFIER
50: shift/reduce conflict (shift 54(0), red'n 18(0)) on SYSTEMOUTPRINTLN
50: shift/reduce conflict (shift 59(0), red'n 18(0)) on RETURN
50: shift/reduce conflict (shift 52(0), red'n 18(0)) on IF
50: shift/reduce conflict (shift 53(0), red'n 18(0)) on WHILE
50: shift/reduce conflict (shift 51(0), red'n 18(0)) on LEFTANGLEBRACKET
state 50
	Statement:  Statement.Statement 
	MethodDeclaration:  PUBLIC Type IDENTIFIER LEFTPARENTHESIS MethodTypeDeclaration RIGHTPARENTHESIS LEFTANGLEBRACKET VarDeclaration Statement.RETURN Expression SEMICOLON RIGHTANGLEBRACKET 
	Statement: .    (18)

	IDENTIFIER  shift 57
	SYSTEMOUTPRINTLN  shift 54
	RETURN  shift 59
	IF  shift 52
	WHILE  shift 53
	LEFTANGLEBRACKET  shift 51
	.  error

	Statement  goto 58

51: shift/reduce conflict (shift 57(0), red'n 18(0)) on IDENTIFIER
51: shift/reduce conflict (shift 54(0), red'n 18(0)) on SYSTEMOUTPRINTLN
51: shift/reduce conflict (shift 52(0), red'n 18(0)) on IF
51: shift/reduce conflict (shift 53(0), red'n 18(0)) on WHILE
51: shift/reduce conflict (shift 51(0), red'n 18(0)) on LEFTANGLEBRACKET
state 51
	Statement:  LEFTANGLEBRACKET.Statement RIGHTANGLEBRACKET 
	Statement: .    (18)

	IDENTIFIER  shift 57
	SYSTEMOUTPRINTLN  shift 54
	IF  shift 52
	WHILE  shift 53
	LEFTANGLEBRACKET  shift 51
	.  reduce 18 (src line 205)

	Statement  goto 60

state 52
	Statement:  IF.LEFTPARENTHESIS Expression RIGHTPARENTHESIS Statement ELSE Statement 

	LEFTPARENTHESIS  shift 61
	.  error


state 53
	Statement:  WHILE.LEFTPARENTHESIS Expression RIGHTPARENTHESIS Statement 

	LEFTPARENTHESIS  shift 62
	.  error


state 54
	Statement:  SYSTEMOUTPRINTLN.LEFTPARENTHESIS Expression RIGHTPARENTHESIS SEMICOLON 

	LEFTPARENTHESIS  shift 63
	.  error


state 55
	Statement:  IDENTIFIER.EQUAL Expression SEMICOLON 
	Statement:  IDENTIFIER.LEFTBRACKET Expression RIGHTBRACKET EQUAL Expression SEMICOLON 
	Type:  IDENTIFIER.    (22)

	LEFTBRACKET  shift 65
	EQUAL  shift 64
	.  reduce 22 (src line 209)


56: shift/reduce conflict (shift 57(0), red'n 18(0)) on IDENTIFIER
56: shift/reduce conflict (shift 54(0), red'n 18(0)) on SYSTEMOUTPRINTLN
56: shift/reduce conflict (shift 52(0), red'n 18(0)) on IF
56: shift/reduce conflict (shift 53(0), red'n 18(0)) on WHILE
56: shift/reduce conflict (shift 51(0), red'n 18(0)) on LEFTANGLEBRACKET
56: shift/reduce conflict (shift 66(0), red'n 18(0)) on RIGHTANGLEBRACKET
state 56
	MainClass:  CLASS IDENTIFIER LEFTANGLEBRACKET PUBLIC STATIC VOID MAIN LEFTPARENTHESIS STRING LEFTBRACKET RIGHTBRACKET IDENTIFIER RIGHTPARENTHESIS LEFTANGLEBRACKET Statement.RIGHTANGLEBRACKET RIGHTANGLEBRACKET 
	Statement:  Statement.Statement 
	Statement: .    (18)

	IDENTIFIER  shift 57
	SYSTEMOUTPRINTLN  shift 54
	IF  shift 52
	WHILE  shift 53
	LEFTANGLEBRACKET  shift 51
	RIGHTANGLEBRACKET  shift 66
	.  error

	Statement  goto 58

state 57
	Statement:  IDENTIFIER.EQUAL Expression SEMICOLON 
	Statement:  IDENTIFIER.LEFTBRACKET Expression RIGHTBRACKET EQUAL Expression SEMICOLON 

	LEFTBRACKET  shift 65
	EQUAL  shift 64
	.  error


58: shift/reduce conflict (shift 57(0), red'n 17(0)) on IDENTIFIER
58: shift/reduce conflict (shift 54(0), red'n 17(0)) on SYSTEMOUTPRINTLN
58: shift/reduce conflict (shift 52(0), red'n 17(0)) on IF
58: shift/reduce conflict (shift 53(0), red'n 17(0)) on WHILE
58: shift/reduce conflict (shift 51(0), red'n 17(0)) on LEFTANGLEBRACKET
58: shift/reduce conflict (shift 57(0), red'n 18(0)) on IDENTIFIER
58: shift/reduce conflict (shift 54(0), red'n 18(0)) on SYSTEMOUTPRINTLN
 58: reduce/reduce conflict  (red'ns 17 and 18) on RETURN
58: shift/reduce conflict (shift 52(0), red'n 18(0)) on IF
 58: reduce/reduce conflict  (red'ns 17 and 18) on ELSE
58: shift/reduce conflict (shift 53(0), red'n 18(0)) on WHILE
58: shift/reduce conflict (shift 51(0), red'n 18(0)) on LEFTANGLEBRACKET
 58: reduce/reduce conflict  (red'ns 17 and 18) on RIGHTANGLEBRACKET
state 58
	Statement:  Statement.Statement 
	Statement:  Statement Statement.    (17)
	Statement: .    (18)

	IDENTIFIER  shift 57
	SYSTEMOUTPRINTLN  shift 54
	IF  shift 52
	WHILE  shift 53
	LEFTANGLEBRACKET  shift 51
	.  reduce 17 (src line 199)

	Statement  goto 58

state 59
	MethodDeclaration:  PUBLIC Type IDENTIFIER LEFTPARENTHESIS MethodTypeDeclaration RIGHTPARENTHESIS LEFTANGLEBRACKET VarDeclaration Statement RETURN.Expression SEMICOLON RIGHTANGLEBRACKET 

	BANG  shift 73
	INTEGER_LITERAL  shift 69
	BOOLEAN_LITERAL  shift 70
	IDENTIFIER  shift 68
	THIS  shift 71
	NEW  shift 72
	LEFTPARENTHESIS  shift 74
	.  error

	Expression  goto 67

60: shift/reduce conflict (shift 57(0), red'n 18(0)) on IDENTIFIER
60: shift/reduce conflict (shift 54(0), red'n 18(0)) on SYSTEMOUTPRINTLN
60: shift/reduce conflict (shift 52(0), red'n 18(0)) on IF
60: shift/reduce conflict (shift 53(0), red'n 18(0)) on WHILE
60: shift/reduce conflict (shift 51(0), red'n 18(0)) on LEFTANGLEBRACKET
60: shift/reduce conflict (shift 75(0), red'n 18(0)) on RIGHTANGLEBRACKET
state 60
	Statement:  LEFTANGLEBRACKET Statement.RIGHTANGLEBRACKET 
	Statement:  Statement.Statement 
	Statement: .    (18)

	IDENTIFIER  shift 57
	SYSTEMOUTPRINTLN  shift 54
	IF  shift 52
	WHILE  shift 53
	LEFTANGLEBRACKET  shift 51
	RIGHTANGLEBRACKET  shift 75
	.  error

	Statement  goto 58

state 61
	Statement:  IF LEFTPARENTHESIS.Expression RIGHTPARENTHESIS Statement ELSE Statement 

	BANG  shift 73
	INTEGER_LITERAL  shift 69
	BOOLEAN_LITERAL  shift 70
	IDENTIFIER  shift 68
	THIS  shift 71
	NEW  shift 72
	LEFTPARENTHESIS  shift 74
	.  error

	Expression  goto 76

state 62
	Statement:  WHILE LEFTPARENTHESIS.Expression RIGHTPARENTHESIS Statement 

	BANG  shift 73
	INTEGER_LITERAL  shift 69
	BOOLEAN_LITERAL  shift 70
	IDENTIFIER  shift 68
	THIS  shift 71
	NEW  shift 72
	LEFTPARENTHESIS  shift 74
	.  error

	Expression  goto 77

state 63
	Statement:  SYSTEMOUTPRINTLN LEFTPARENTHESIS.Expression RIGHTPARENTHESIS SEMICOLON 

	BANG  shift 73
	INTEGER_LITERAL  shift 69
	BOOLEAN_LITERAL  shift 70
	IDENTIFIER  shift 68
	THIS  shift 71
	NEW  shift 72
	LEFTPARENTHESIS  shift 74
	.  error

	Expression  goto 78

state 64
	Statement:  IDENTIFIER EQUAL.Expression SEMICOLON 

	BANG  shift 73
	INTEGER_LITERAL  shift 69
	BOOLEAN_LITERAL  shift 70
	IDENTIFIER  shift 68
	THIS  shift 71
	NEW  shift 72
	LEFTPARENTHESIS  shift 74
	.  error

	Expression  goto 79

state 65
	Statement:  IDENTIFIER LEFTBRACKET.Expression RIGHTBRACKET EQUAL Expression SEMICOLON 

	BANG  shift 73
	INTEGER_LITERAL  shift 69
	BOOLEAN_LITERAL  shift 70
	IDENTIFIER  shift 68
	THIS  shift 71
	NEW  shift 72
	LEFTPARENTHESIS  shift 74
	.  error

	Expression  goto 80

state 66
	MainClass:  CLASS IDENTIFIER LEFTANGLEBRACKET PUBLIC STATIC VOID MAIN LEFTPARENTHESIS STRING LEFTBRACKET RIGHTBRACKET IDENTIFIER RIGHTPARENTHESIS LEFTANGLEBRACKET Statement RIGHTANGLEBRACKET.RIGHTANGLEBRACKET 

	RIGHTANGLEBRACKET  shift 81
	.  error


state 67
	MethodDeclaration:  PUBLIC Type IDENTIFIER LEFTPARENTHESIS MethodTypeDeclaration RIGHTPARENTHESIS LEFTANGLEBRACKET VarDeclaration Statement RETURN Expression.SEMICOLON RIGHTANGLEBRACKET 
	Expression:  Expression.LOGICALAND Expression 
	Expression:  Expression.LESS Expression 
	Expression:  Expression.PLUS Expression 
	Expression:  Expression.MINUS Expression 
	Expression:  Expression.ASTERIX Expression 
	Expression:  Expression.LEFTBRACKET Expression RIGHTBRACKET 
	Expression:  Expression.PERIOD LENGTH 
	Expression:  Expression.PERIOD IDENTIFIER LEFTPARENTHESIS MethodExpressionSignature RIGHTPARENTHESIS 

	LEFTBRACKET  shift 88
	SEMICOLON  shift 82
	PERIOD  shift 89
	PLUS  shift 85
	ASTERIX  shift 87
	LESS  shift 84
	LOGICALAND  shift 83
	MINUS  shift 86
	.  error


state 68
	Expression:  IDENTIFIER.    (28)

	.  reduce 28 (src line 253)


state 69
	Expression:  INTEGER_LITERAL.    (34)

	.  reduce 34 (src line 287)


state 70
	Expression:  BOOLEAN_LITERAL.    (35)

	.  reduce 35 (src line 291)


state 71
	Expression:  THIS.    (39)

	.  reduce 39 (src line 320)


state 72
	Expression:  NEW.INT LEFTBRACKET Expression RIGHTBRACKET 
	Expression:  NEW.IDENTIFIER LEFTPARENTHESIS RIGHTPARENTHESIS 

	IDENTIFIER  shift 91
	INT  shift 90
	.  error


state 73
	Expression:  BANG.Expression 

	BANG  shift 73
	INTEGER_LITERAL  shift 69
	BOOLEAN_LITERAL  shift 70
	IDENTIFIER  shift 68
	THIS  shift 71
	NEW  shift 72
	LEFTPARENTHESIS  shift 74
	.  error

	Expression  goto 92

state 74
	Expression:  LEFTPARENTHESIS.Expression RIGHTPARENTHESIS 

	BANG  shift 73
	INTEGER_LITERAL  shift 69
	BOOLEAN_LITERAL  shift 70
	IDENTIFIER  shift 68
	THIS  shift 71
	NEW  shift 72
	LEFTPARENTHESIS  shift 74
	.  error

	Expression  goto 93

state 75
	Statement:  LEFTANGLEBRACKET Statement RIGHTANGLEBRACKET.    (11)

	.  reduce 11 (src line 143)


state 76
	Statement:  IF LEFTPARENTHESIS Expression.RIGHTPARENTHESIS Statement ELSE Statement 
	Expression:  Expression.LOGICALAND Expression 
	Expression:  Expression.LESS Expression 
	Expression:  Expression.PLUS Expression 
	Expression:  Expression.MINUS Expression 
	Expression:  Expression.ASTERIX Expression 
	Expression:  Expression.LEFTBRACKET Expression RIGHTBRACKET 
	Expression:  Expression.PERIOD LENGTH 
	Expression:  Expression.PERIOD IDENTIFIER LEFTPARENTHESIS MethodExpressionSignature RIGHTPARENTHESIS 

	LEFTBRACKET  shift 88
	RIGHTPARENTHESIS  shift 94
	PERIOD  shift 89
	PLUS  shift 85
	ASTERIX  shift 87
	LESS  shift 84
	LOGICALAND  shift 83
	MINUS  shift 86
	.  error


state 77
	Statement:  WHILE LEFTPARENTHESIS Expression.RIGHTPARENTHESIS Statement 
	Expression:  Expression.LOGICALAND Expression 
	Expression:  Expression.LESS Expression 
	Expression:  Expression.PLUS Expression 
	Expression:  Expression.MINUS Expression 
	Expression:  Expression.ASTERIX Expression 
	Expression:  Expression.LEFTBRACKET Expression RIGHTBRACKET 
	Expression:  Expression.PERIOD LENGTH 
	Expression:  Expression.PERIOD IDENTIFIER LEFTPARENTHESIS MethodExpressionSignature RIGHTPARENTHESIS 

	LEFTBRACKET  shift 88
	RIGHTPARENTHESIS  shift 95
	PERIOD  shift 89
	PLUS  shift 85
	ASTERIX  shift 87
	LESS  shift 84
	LOGICALAND  shift 83
	MINUS  shift 86
	.  error


state 78
	Statement:  SYSTEMOUTPRINTLN LEFTPARENTHESIS Expression.RIGHTPARENTHESIS SEMICOLON 
	Expression:  Expression.LOGICALAND Expression 
	Expression:  Expression.LESS Expression 
	Expression:  Expression.PLUS Expression 
	Expression:  Expression.MINUS Expression 
	Expression:  Expression.ASTERIX Expression 
	Expression:  Expression.LEFTBRACKET Expression RIGHTBRACKET 
	Expression:  Expression.PERIOD LENGTH 
	Expression:  Expression.PERIOD IDENTIFIER LEFTPARENTHESIS MethodExpressionSignature RIGHTPARENTHESIS 

	LEFTBRACKET  shift 88
	RIGHTPARENTHESIS  shift 96
	PERIOD  shift 89
	PLUS  shift 85
	ASTERIX  shift 87
	LESS  shift 84
	LOGICALAND  shift 83
	MINUS  shift 86
	.  error


state 79
	Statement:  IDENTIFIER EQUAL Expression.SEMICOLON 
	Expression:  Expression.LOGICALAND Expression 
	Expression:  Expression.LESS Expression 
	Expression:  Expression.PLUS Expression 
	Expression:  Expression.MINUS Expression 
	Expression:  Expression.ASTERIX Expression 
	Expression:  Expression.LEFTBRACKET Expression RIGHTBRACKET 
	Expression:  Expression.PERIOD LENGTH 
	Expression:  Expression.PERIOD IDENTIFIER LEFTPARENTHESIS MethodExpressionSignature RIGHTPARENTHESIS 

	LEFTBRACKET  shift 88
	SEMICOLON  shift 97
	PERIOD  shift 89
	PLUS  shift 85
	ASTERIX  shift 87
	LESS  shift 84
	LOGICALAND  shift 83
	MINUS  shift 86
	.  error


state 80
	Statement:  IDENTIFIER LEFTBRACKET Expression.RIGHTBRACKET EQUAL Expression SEMICOLON 
	Expression:  Expression.LOGICALAND Expression 
	Expression:  Expression.LESS Expression 
	Expression:  Expression.PLUS Expression 
	Expression:  Expression.MINUS Expression 
	Expression:  Expression.ASTERIX Expression 
	Expression:  Expression.LEFTBRACKET Expression RIGHTBRACKET 
	Expression:  Expression.PERIOD LENGTH 
	Expression:  Expression.PERIOD IDENTIFIER LEFTPARENTHESIS MethodExpressionSignature RIGHTPARENTHESIS 

	LEFTBRACKET  shift 88
	RIGHTBRACKET  shift 98
	PERIOD  shift 89
	PLUS  shift 85
	ASTERIX  shift 87
	LESS  shift 84
	LOGICALAND  shift 83
	MINUS  shift 86
	.  error


state 81
	MainClass:  CLASS IDENTIFIER LEFTANGLEBRACKET PUBLIC STATIC VOID MAIN LEFTPARENTHESIS STRING LEFTBRACKET RIGHTBRACKET IDENTIFIER RIGHTPARENTHESIS LEFTANGLEBRACKET Statement RIGHTANGLEBRACKET RIGHTANGLEBRACKET.    (3)

	.  reduce 3 (src line 74)


state 82
	MethodDeclaration:  PUBLIC Type IDENTIFIER LEFTPARENTHESIS MethodTypeDeclaration RIGHTPARENTHESIS LEFTANGLEBRACKET VarDeclaration Statement RETURN Expression SEMICOLON.RIGHTANGLEBRACKET 

	RIGHTANGLEBRACKET  shift 99
	.  error


state 83
	Expression:  Expression LOGICALAND.Expression 

	BANG  shift 73
	INTEGER_LITERAL  shift 69
	BOOLEAN_LITERAL  shift 70
	IDENTIFIER  shift 68
	THIS  shift 71
	NEW  shift 72
	LEFTPARENTHESIS  shift 74
	.  error

	Expression  goto 100

state 84
	Expression:  Expression LESS.Expression 

	BANG  shift 73
	INTEGER_LITERAL  shift 69
	BOOLEAN_LITERAL  shift 70
	IDENTIFIER  shift 68
	THIS  shift 71
	NEW  shift 72
	LEFTPARENTHESIS  shift 74
	.  error

	Expression  goto 101

state 85
	Expression:  Expression PLUS.Expression 

	BANG  shift 73
	INTEGER_LITERAL  shift 69
	BOOLEAN_LITERAL  shift 70
	IDENTIFIER  shift 68
	THIS  shift 71
	NEW  shift 72
	LEFTPARENTHESIS  shift 74
	.  error

	Expression  goto 102

state 86
	Expression:  Expression MINUS.Expression 

	BANG  shift 73
	INTEGER_LITERAL  shift 69
	BOOLEAN_LITERAL  shift 70
	IDENTIFIER  shift 68
	THIS  shift 71
	NEW  shift 72
	LEFTPARENTHESIS  shift 74
	.  error

	Expression  goto 103

state 87
	Expression:  Expression ASTERIX.Expression 

	BANG  shift 73
	INTEGER_LITERAL  shift 69
	BOOLEAN_LITERAL  shift 70
	IDENTIFIER  shift 68
	THIS  shift 71
	NEW  shift 72
	LEFTPARENTHESIS  shift 74
	.  error

	Expression  goto 104

state 88
	Expression:  Expression LEFTBRACKET.Expression RIGHTBRACKET 

	BANG  shift 73
	INTEGER_LITERAL  shift 69
	BOOLEAN_LITERAL  shift 70
	IDENTIFIER  shift 68
	THIS  shift 71
	NEW  shift 72
	LEFTPARENTHESIS  shift 74
	.  error

	Expression  goto 105

state 89
	Expression:  Expression PERIOD.LENGTH 
	Expression:  Expression PERIOD.IDENTIFIER LEFTPARENTHESIS MethodExpressionSignature RIGHTPARENTHESIS 

	IDENTIFIER  shift 107
	LENGTH  shift 106
	.  error


state 90
	Expression:  NEW INT.LEFTBRACKET Expression RIGHTBRACKET 

	LEFTBRACKET  shift 108
	.  error


state 91
	Expression:  NEW IDENTIFIER.LEFTPARENTHESIS RIGHTPARENTHESIS 

	LEFTPARENTHESIS  shift 109
	.  error


92: shift/reduce conflict (shift 88(0), red'n 42(0)) on LEFTBRACKET
92: shift/reduce conflict (shift 89(0), red'n 42(0)) on PERIOD
92: shift/reduce conflict (shift 85(0), red'n 42(0)) on PLUS
92: shift/reduce conflict (shift 87(0), red'n 42(0)) on ASTERIX
92: shift/reduce conflict (shift 84(0), red'n 42(0)) on LESS
92: shift/reduce conflict (shift 83(0), red'n 42(0)) on LOGICALAND
92: shift/reduce conflict (shift 86(0), red'n 42(0)) on MINUS
state 92
	Expression:  Expression.LOGICALAND Expression 
	Expression:  Expression.LESS Expression 
	Expression:  Expression.PLUS Expression 
	Expression:  Expression.MINUS Expression 
	Expression:  Expression.ASTERIX Expression 
	Expression:  Expression.LEFTBRACKET Expression RIGHTBRACKET 
	Expression:  Expression.PERIOD LENGTH 
	Expression:  Expression.PERIOD IDENTIFIER LEFTPARENTHESIS MethodExpressionSignature RIGHTPARENTHESIS 
	Expression:  BANG Expression.    (42)

	LEFTBRACKET  shift 88
	PERIOD  shift 89
	PLUS  shift 85
	ASTERIX  shift 87
	LESS  shift 84
	LOGICALAND  shift 83
	MINUS  shift 86
	.  reduce 42 (src line 341)


state 93
	Expression:  Expression.LOGICALAND Expression 
	Expression:  Expression.LESS Expression 
	Expression:  Expression.PLUS Expression 
	Expression:  Expression.MINUS Expression 
	Expression:  Expression.ASTERIX Expression 
	Expression:  Expression.LEFTBRACKET Expression RIGHTBRACKET 
	Expression:  Expression.PERIOD LENGTH 
	Expression:  Expression.PERIOD IDENTIFIER LEFTPARENTHESIS MethodExpressionSignature RIGHTPARENTHESIS 
	Expression:  LEFTPARENTHESIS Expression.RIGHTPARENTHESIS 

	LEFTBRACKET  shift 88
	RIGHTPARENTHESIS  shift 110
	PERIOD  shift 89
	PLUS  shift 85
	ASTERIX  shift 87
	LESS  shift 84
	LOGICALAND  shift 83
	MINUS  shift 86
	.  error


94: shift/reduce conflict (shift 57(0), red'n 18(0)) on IDENTIFIER
94: shift/reduce conflict (shift 54(0), red'n 18(0)) on SYSTEMOUTPRINTLN
94: shift/reduce conflict (shift 52(0), red'n 18(0)) on IF
94: shift/reduce conflict (shift 53(0), red'n 18(0)) on WHILE
94: shift/reduce conflict (shift 51(0), red'n 18(0)) on LEFTANGLEBRACKET
state 94
	Statement:  IF LEFTPARENTHESIS Expression RIGHTPARENTHESIS.Statement ELSE Statement 
	Statement: .    (18)

	IDENTIFIER  shift 57
	SYSTEMOUTPRINTLN  shift 54
	IF  shift 52
	WHILE  shift 53
	LEFTANGLEBRACKET  shift 51
	.  reduce 18 (src line 205)

	Statement  goto 111

95: shift/reduce conflict (shift 57(0), red'n 18(0)) on IDENTIFIER
95: shift/reduce conflict (shift 54(0), red'n 18(0)) on SYSTEMOUTPRINTLN
95: shift/reduce conflict (shift 52(0), red'n 18(0)) on IF
95: shift/reduce conflict (shift 53(0), red'n 18(0)) on WHILE
95: shift/reduce conflict (shift 51(0), red'n 18(0)) on LEFTANGLEBRACKET
state 95
	Statement:  WHILE LEFTPARENTHESIS Expression RIGHTPARENTHESIS.Statement 
	Statement: .    (18)

	IDENTIFIER  shift 57
	SYSTEMOUTPRINTLN  shift 54
	IF  shift 52
	WHILE  shift 53
	LEFTANGLEBRACKET  shift 51
	.  reduce 18 (src line 205)

	Statement  goto 112

state 96
	Statement:  SYSTEMOUTPRINTLN LEFTPARENTHESIS Expression RIGHTPARENTHESIS.SEMICOLON 

	SEMICOLON  shift 113
	.  error


state 97
	Statement:  IDENTIFIER EQUAL Expression SEMICOLON.    (15)

	.  reduce 15 (src line 180)


state 98
	Statement:  IDENTIFIER LEFTBRACKET Expression RIGHTBRACKET.EQUAL Expression SEMICOLON 

	EQUAL  shift 114
	.  error


state 99
	MethodDeclaration:  PUBLIC Type IDENTIFIER LEFTPARENTHESIS MethodTypeDeclaration RIGHTPARENTHESIS LEFTANGLEBRACKET VarDeclaration Statement RETURN Expression SEMICOLON RIGHTANGLEBRACKET.    (26)

	.  reduce 26 (src line 227)


100: shift/reduce conflict (shift 88(0), red'n 29(0)) on LEFTBRACKET
100: shift/reduce conflict (shift 89(0), red'n 29(0)) on PERIOD
100: shift/reduce conflict (shift 85(0), red'n 29(0)) on PLUS
100: shift/reduce conflict (shift 87(0), red'n 29(0)) on ASTERIX
100: shift/reduce conflict (shift 84(0), red'n 29(0)) on LESS
100: shift/reduce conflict (shift 83(0), red'n 29(0)) on LOGICALAND
100: shift/reduce conflict (shift 86(0), red'n 29(0)) on MINUS
state 100
	Expression:  Expression.LOGICALAND Expression 
	Expression:  Expression LOGICALAND Expression.    (29)
	Expression:  Expression.LESS Expression 
	Expression:  Expression.PLUS Expression 
	Expression:  Expression.MINUS Expression 
	Expression:  Expression.ASTERIX Expression 
	Expression:  Expression.LEFTBRACKET Expression RIGHTBRACKET 
	Expression:  Expression.PERIOD LENGTH 
	Expression:  Expression.PERIOD IDENTIFIER LEFTPARENTHESIS MethodExpressionSignature RIGHTPARENTHESIS 

	LEFTBRACKET  shift 88
	PERIOD  shift 89
	PLUS  shift 85
	ASTERIX  shift 87
	LESS  shift 84
	LOGICALAND  shift 83
	MINUS  shift 86
	.  reduce 29 (src line 257)


101: shift/reduce conflict (shift 88(0), red'n 30(0)) on LEFTBRACKET
101: shift/reduce conflict (shift 89(0), red'n 30(0)) on PERIOD
101: shift/reduce conflict (shift 85(0), red'n 30(0)) on PLUS
101: shift/reduce conflict (shift 87(0), red'n 30(0)) on ASTERIX
101: shift/reduce conflict (shift 84(0), red'n 30(0)) on LESS
101: shift/reduce conflict (shift 83(0), red'n 30(0)) on LOGICALAND
101: shift/reduce conflict (shift 86(0), red'n 30(0)) on MINUS
state 101
	Expression:  Expression.LOGICALAND Expression 
	Expression:  Expression.LESS Expression 
	Expression:  Expression LESS Expression.    (30)
	Expression:  Expression.PLUS Expression 
	Expression:  Expression.MINUS Expression 
	Expression:  Expression.ASTERIX Expression 
	Expression:  Expression.LEFTBRACKET Expression RIGHTBRACKET 
	Expression:  Expression.PERIOD LENGTH 
	Expression:  Expression.PERIOD IDENTIFIER LEFTPARENTHESIS MethodExpressionSignature RIGHTPARENTHESIS 

	LEFTBRACKET  shift 88
	PERIOD  shift 89
	PLUS  shift 85
	ASTERIX  shift 87
	LESS  shift 84
	LOGICALAND  shift 83
	MINUS  shift 86
	.  reduce 30 (src line 263)


102: shift/reduce conflict (shift 88(0), red'n 31(0)) on LEFTBRACKET
102: shift/reduce conflict (shift 89(0), red'n 31(0)) on PERIOD
102: shift/reduce conflict (shift 85(0), red'n 31(0)) on PLUS
102: shift/reduce conflict (shift 87(0), red'n 31(0)) on ASTERIX
102: shift/reduce conflict (shift 84(0), red'n 31(0)) on LESS
102: shift/reduce conflict (shift 83(0), red'n 31(0)) on LOGICALAND
102: shift/reduce conflict (shift 86(0), red'n 31(0)) on MINUS
state 102
	Expression:  Expression.LOGICALAND Expression 
	Expression:  Expression.LESS Expression 
	Expression:  Expression.PLUS Expression 
	Expression:  Expression PLUS Expression.    (31)
	Expression:  Expression.MINUS Expression 
	Expression:  Expression.ASTERIX Expression 
	Expression:  Expression.LEFTBRACKET Expression RIGHTBRACKET 
	Expression:  Expression.PERIOD LENGTH 
	Expression:  Expression.PERIOD IDENTIFIER LEFTPARENTHESIS MethodExpressionSignature RIGHTPARENTHESIS 

	LEFTBRACKET  shift 88
	PERIOD  shift 89
	PLUS  shift 85
	ASTERIX  shift 87
	LESS  shift 84
	LOGICALAND  shift 83
	MINUS  shift 86
	.  reduce 31 (src line 269)


103: shift/reduce conflict (shift 88(0), red'n 32(0)) on LEFTBRACKET
103: shift/reduce conflict (shift 89(0), red'n 32(0)) on PERIOD
103: shift/reduce conflict (shift 85(0), red'n 32(0)) on PLUS
103: shift/reduce conflict (shift 87(0), red'n 32(0)) on ASTERIX
103: shift/reduce conflict (shift 84(0), red'n 32(0)) on LESS
103: shift/reduce conflict (shift 83(0), red'n 32(0)) on LOGICALAND
103: shift/reduce conflict (shift 86(0), red'n 32(0)) on MINUS
state 103
	Expression:  Expression.LOGICALAND Expression 
	Expression:  Expression.LESS Expression 
	Expression:  Expression.PLUS Expression 
	Expression:  Expression.MINUS Expression 
	Expression:  Expression MINUS Expression.    (32)
	Expression:  Expression.ASTERIX Expression 
	Expression:  Expression.LEFTBRACKET Expression RIGHTBRACKET 
	Expression:  Expression.PERIOD LENGTH 
	Expression:  Expression.PERIOD IDENTIFIER LEFTPARENTHESIS MethodExpressionSignature RIGHTPARENTHESIS 

	LEFTBRACKET  shift 88
	PERIOD  shift 89
	PLUS  shift 85
	ASTERIX  shift 87
	LESS  shift 84
	LOGICALAND  shift 83
	MINUS  shift 86
	.  reduce 32 (src line 275)


104: shift/reduce conflict (shift 88(0), red'n 33(0)) on LEFTBRACKET
104: shift/reduce conflict (shift 89(0), red'n 33(0)) on PERIOD
104: shift/reduce conflict (shift 85(0), red'n 33(0)) on PLUS
104: shift/reduce conflict (shift 87(0), red'n 33(0)) on ASTERIX
104: shift/reduce conflict (shift 84(0), red'n 33(0)) on LESS
104: shift/reduce conflict (shift 83(0), red'n 33(0)) on LOGICALAND
104: shift/reduce conflict (shift 86(0), red'n 33(0)) on MINUS
state 104
	Expression:  Expression.LOGICALAND Expression 
	Expression:  Expression.LESS Expression 
	Expression:  Expression.PLUS Expression 
	Expression:  Expression.MINUS Expression 
	Expression:  Expression.ASTERIX Expression 
	Expression:  Expression ASTERIX Expression.    (33)
	Expression:  Expression.LEFTBRACKET Expression RIGHTBRACKET 
	Expression:  Expression.PERIOD LENGTH 
	Expression:  Expression.PERIOD IDENTIFIER LEFTPARENTHESIS MethodExpressionSignature RIGHTPARENTHESIS 

	LEFTBRACKET  shift 88
	PERIOD  shift 89
	PLUS  shift 85
	ASTERIX  shift 87
	LESS  shift 84
	LOGICALAND  shift 83
	MINUS  shift 86
	.  reduce 33 (src line 281)


state 105
	Expression:  Expression.LOGICALAND Expression 
	Expression:  Expression.LESS Expression 
	Expression:  Expression.PLUS Expression 
	Expression:  Expression.MINUS Expression 
	Expression:  Expression.ASTERIX Expression 
	Expression:  Expression.LEFTBRACKET Expression RIGHTBRACKET 
	Expression:  Expression LEFTBRACKET Expression.RIGHTBRACKET 
	Expression:  Expression.PERIOD LENGTH 
	Expression:  Expression.PERIOD IDENTIFIER LEFTPARENTHESIS MethodExpressionSignature RIGHTPARENTHESIS 

	LEFTBRACKET  shift 88
	RIGHTBRACKET  shift 115
	PERIOD  shift 89
	PLUS  shift 85
	ASTERIX  shift 87
	LESS  shift 84
	LOGICALAND  shift 83
	MINUS  shift 86
	.  error


state 106
	Expression:  Expression PERIOD LENGTH.    (37)

	.  reduce 37 (src line 303)


state 107
	Expression:  Expression PERIOD IDENTIFIER.LEFTPARENTHESIS MethodExpressionSignature RIGHTPARENTHESIS 

	LEFTPARENTHESIS  shift 116
	.  error


state 108
	Expression:  NEW INT LEFTBRACKET.Expression RIGHTBRACKET 

	BANG  shift 73
	INTEGER_LITERAL  shift 69
	BOOLEAN_LITERAL  shift 70
	IDENTIFIER  shift 68
	THIS  shift 71
	NEW  shift 72
	LEFTPARENTHESIS  shift 74
	.  error

	Expression  goto 117

state 109
	Expression:  NEW IDENTIFIER LEFTPARENTHESIS.RIGHTPARENTHESIS 

	RIGHTPARENTHESIS  shift 118
	.  error


state 110
	Expression:  LEFTPARENTHESIS Expression RIGHTPARENTHESIS.    (43)

	.  reduce 43 (src line 347)


111: shift/reduce conflict (shift 57(0), red'n 18(0)) on IDENTIFIER
111: shift/reduce conflict (shift 54(0), red'n 18(0)) on SYSTEMOUTPRINTLN
111: shift/reduce conflict (shift 52(0), red'n 18(0)) on IF
111: shift/reduce conflict (shift 119(0), red'n 18(0)) on ELSE
111: shift/reduce conflict (shift 53(0), red'n 18(0)) on WHILE
111: shift/reduce conflict (shift 51(0), red'n 18(0)) on LEFTANGLEBRACKET
state 111
	Statement:  IF LEFTPARENTHESIS Expression RIGHTPARENTHESIS Statement.ELSE Statement 
	Statement:  Statement.Statement 
	Statement: .    (18)

	IDENTIFIER  shift 57
	SYSTEMOUTPRINTLN  shift 54
	IF  shift 52
	ELSE  shift 119
	WHILE  shift 53
	LEFTANGLEBRACKET  shift 51
	.  error

	Statement  goto 58

112: shift/reduce conflict (shift 57(0), red'n 13(0)) on IDENTIFIER
112: shift/reduce conflict (shift 54(0), red'n 13(0)) on SYSTEMOUTPRINTLN
112: shift/reduce conflict (shift 52(0), red'n 13(0)) on IF
112: shift/reduce conflict (shift 53(0), red'n 13(0)) on WHILE
112: shift/reduce conflict (shift 51(0), red'n 13(0)) on LEFTANGLEBRACKET
112: shift/reduce conflict (shift 57(0), red'n 18(0)) on IDENTIFIER
112: shift/reduce conflict (shift 54(0), red'n 18(0)) on SYSTEMOUTPRINTLN
 112: reduce/reduce conflict  (red'ns 13 and 18) on RETURN
112: shift/reduce conflict (shift 52(0), red'n 18(0)) on IF
 112: reduce/reduce conflict  (red'ns 13 and 18) on ELSE
112: shift/reduce conflict (shift 53(0), red'n 18(0)) on WHILE
112: shift/reduce conflict (shift 51(0), red'n 18(0)) on LEFTANGLEBRACKET
 112: reduce/reduce conflict  (red'ns 13 and 18) on RIGHTANGLEBRACKET
state 112
	Statement:  WHILE LEFTPARENTHESIS Expression RIGHTPARENTHESIS Statement.    (13)
	Statement:  Statement.Statement 
	Statement: .    (18)

	IDENTIFIER  shift 57
	SYSTEMOUTPRINTLN  shift 54
	IF  shift 52
	WHILE  shift 53
	LEFTANGLEBRACKET  shift 51
	.  reduce 13 (src line 161)

	Statement  goto 58

state 113
	Statement:  SYSTEMOUTPRINTLN LEFTPARENTHESIS Expression RIGHTPARENTHESIS SEMICOLON.    (14)

	.  reduce 14 (src line 171)


state 114
	Statement:  IDENTIFIER LEFTBRACKET Expression RIGHTBRACKET EQUAL.Expression SEMICOLON 

	BANG  shift 73
	INTEGER_LITERAL  shift 69
	BOOLEAN_LITERAL  shift 70
	IDENTIFIER  shift 68
	THIS  shift 71
	NEW  shift 72
	LEFTPARENTHESIS  shift 74
	.  error

	Expression  goto 120

state 115
	Expression:  Expression LEFTBRACKET Expression RIGHTBRACKET.    (36)

	.  reduce 36 (src line 295)


state 116
	Expression:  Expression PERIOD IDENTIFIER LEFTPARENTHESIS.MethodExpressionSignature RIGHTPARENTHESIS 

	BANG  shift 73
	INTEGER_LITERAL  shift 69
	BOOLEAN_LITERAL  shift 70
	IDENTIFIER  shift 68
	THIS  shift 71
	NEW  shift 72
	LEFTPARENTHESIS  shift 74
	.  error

	Expression  goto 122
	MethodExpressionSignature  goto 121

state 117
	Expression:  Expression.LOGICALAND Expression 
	Expression:  Expression.LESS Expression 
	Expression:  Expression.PLUS Expression 
	Expression:  Expression.MINUS Expression 
	Expression:  Expression.ASTERIX Expression 
	Expression:  Expression.LEFTBRACKET Expression RIGHTBRACKET 
	Expression:  Expression.PERIOD LENGTH 
	Expression:  Expression.PERIOD IDENTIFIER LEFTPARENTHESIS MethodExpressionSignature RIGHTPARENTHESIS 
	Expression:  NEW INT LEFTBRACKET Expression.RIGHTBRACKET 

	LEFTBRACKET  shift 88
	RIGHTBRACKET  shift 123
	PERIOD  shift 89
	PLUS  shift 85
	ASTERIX  shift 87
	LESS  shift 84
	LOGICALAND  shift 83
	MINUS  shift 86
	.  error


state 118
	Expression:  NEW IDENTIFIER LEFTPARENTHESIS RIGHTPARENTHESIS.    (41)

	.  reduce 41 (src line 333)


119: shift/reduce conflict (shift 57(0), red'n 18(0)) on IDENTIFIER
119: shift/reduce conflict (shift 54(0), red'n 18(0)) on SYSTEMOUTPRINTLN
119: shift/reduce conflict (shift 52(0), red'n 18(0)) on IF
119: shift/reduce conflict (shift 53(0), red'n 18(0)) on WHILE
119: shift/reduce conflict (shift 51(0), red'n 18(0)) on LEFTANGLEBRACKET
state 119
	Statement:  IF LEFTPARENTHESIS Expression RIGHTPARENTHESIS Statement ELSE.Statement 
	Statement: .    (18)

	IDENTIFIER  shift 57
	SYSTEMOUTPRINTLN  shift 54
	IF  shift 52
	WHILE  shift 53
	LEFTANGLEBRACKET  shift 51
	.  reduce 18 (src line 205)

	Statement  goto 124

state 120
	Statement:  IDENTIFIER LEFTBRACKET Expression RIGHTBRACKET EQUAL Expression.SEMICOLON 
	Expression:  Expression.LOGICALAND Expression 
	Expression:  Expression.LESS Expression 
	Expression:  Expression.PLUS Expression 
	Expression:  Expression.MINUS Expression 
	Expression:  Expression.ASTERIX Expression 
	Expression:  Expression.LEFTBRACKET Expression RIGHTBRACKET 
	Expression:  Expression.PERIOD LENGTH 
	Expression:  Expression.PERIOD IDENTIFIER LEFTPARENTHESIS MethodExpressionSignature RIGHTPARENTHESIS 

	LEFTBRACKET  shift 88
	SEMICOLON  shift 125
	PERIOD  shift 89
	PLUS  shift 85
	ASTERIX  shift 87
	LESS  shift 84
	LOGICALAND  shift 83
	MINUS  shift 86
	.  error


state 121
	Expression:  Expression PERIOD IDENTIFIER LEFTPARENTHESIS MethodExpressionSignature.RIGHTPARENTHESIS 
	MethodExpressionSignature:  MethodExpressionSignature.COMMA Expression 

	COMMA  shift 127
	RIGHTPARENTHESIS  shift 126
	.  error


state 122
	Expression:  Expression.LOGICALAND Expression 
	Expression:  Expression.LESS Expression 
	Expression:  Expression.PLUS Expression 
	Expression:  Expression.MINUS Expression 
	Expression:  Expression.ASTERIX Expression 
	Expression:  Expression.LEFTBRACKET Expression RIGHTBRACKET 
	Expression:  Expression.PERIOD LENGTH 
	Expression:  Expression.PERIOD IDENTIFIER LEFTPARENTHESIS MethodExpressionSignature RIGHTPARENTHESIS 
	MethodExpressionSignature:  Expression.    (44)

	LEFTBRACKET  shift 88
	PERIOD  shift 89
	PLUS  shift 85
	ASTERIX  shift 87
	LESS  shift 84
	LOGICALAND  shift 83
	MINUS  shift 86
	.  reduce 44 (src line 355)


state 123
	Expression:  NEW INT LEFTBRACKET Expression RIGHTBRACKET.    (40)

	.  reduce 40 (src line 324)


124: shift/reduce conflict (shift 57(0), red'n 12(0)) on IDENTIFIER
124: shift/reduce conflict (shift 54(0), red'n 12(0)) on SYSTEMOUTPRINTLN
124: shift/reduce conflict (shift 52(0), red'n 12(0)) on IF
124: shift/reduce conflict (shift 53(0), red'n 12(0)) on WHILE
124: shift/reduce conflict (shift 51(0), red'n 12(0)) on LEFTANGLEBRACKET
124: shift/reduce conflict (shift 57(0), red'n 18(0)) on IDENTIFIER
124: shift/reduce conflict (shift 54(0), red'n 18(0)) on SYSTEMOUTPRINTLN
 124: reduce/reduce conflict  (red'ns 12 and 18) on RETURN
124: shift/reduce conflict (shift 52(0), red'n 18(0)) on IF
 124: reduce/reduce conflict  (red'ns 12 and 18) on ELSE
124: shift/reduce conflict (shift 53(0), red'n 18(0)) on WHILE
124: shift/reduce conflict (shift 51(0), red'n 18(0)) on LEFTANGLEBRACKET
 124: reduce/reduce conflict  (red'ns 12 and 18) on RIGHTANGLEBRACKET
state 124
	Statement:  IF LEFTPARENTHESIS Expression RIGHTPARENTHESIS Statement ELSE Statement.    (12)
	Statement:  Statement.Statement 
	Statement: .    (18)

	IDENTIFIER  shift 57
	SYSTEMOUTPRINTLN  shift 54
	IF  shift 52
	WHILE  shift 53
	LEFTANGLEBRACKET  shift 51
	.  reduce 12 (src line 150)

	Statement  goto 58

state 125
	Statement:  IDENTIFIER LEFTBRACKET Expression RIGHTBRACKET EQUAL Expression SEMICOLON.    (16)

	.  reduce 16 (src line 188)


state 126
	Expression:  Expression PERIOD IDENTIFIER LEFTPARENTHESIS MethodExpressionSignature RIGHTPARENTHESIS.    (38)

	.  reduce 38 (src line 310)


state 127
	MethodExpressionSignature:  MethodExpressionSignature COMMA.Expression 

	BANG  shift 73
	INTEGER_LITERAL  shift 69
	BOOLEAN_LITERAL  shift 70
	IDENTIFIER  shift 68
	THIS  shift 71
	NEW  shift 72
	LEFTPARENTHESIS  shift 74
	.  error

	Expression  goto 128

state 128
	Expression:  Expression.LOGICALAND Expression 
	Expression:  Expression.LESS Expression 
	Expression:  Expression.PLUS Expression 
	Expression:  Expression.MINUS Expression 
	Expression:  Expression.ASTERIX Expression 
	Expression:  Expression.LEFTBRACKET Expression RIGHTBRACKET 
	Expression:  Expression.PERIOD LENGTH 
	Expression:  Expression.PERIOD IDENTIFIER LEFTPARENTHESIS MethodExpressionSignature RIGHTPARENTHESIS 
	MethodExpressionSignature:  MethodExpressionSignature COMMA Expression.    (45)

	LEFTBRACKET  shift 88
	PERIOD  shift 89
	PLUS  shift 85
	ASTERIX  shift 87
	LESS  shift 84
	LOGICALAND  shift 83
	MINUS  shift 86
	.  reduce 45 (src line 359)


49 terminals, 12 nonterminals
46 grammar rules, 129/16000 states
151 shift/reduce, 16 reduce/reduce conflicts reported
61 working sets used
memory: parser 45/240000
71 extra closures
410 shift entries, 1 exceptions
42 goto entries
14 entries saved by goto default
Optimizer space used: output 264/240000
264 table entries, 34 zero
maximum spread: 49, maximum offset: 127
